<?xml version="1.0" encoding="UTF-8"?>
<testng-results ignored="0" total="2" passed="2" failed="0" skipped="0">
  <reporter-output>
  </reporter-output>
  <suite started-at="2025-10-14T22:33:55 IST" name="Master Suite" finished-at="2025-10-14T22:34:10 IST" duration-ms="15124">
    <groups>
      <group name="Master">
        <method signature="TC001_AccountRegistrationTest.verify_Account_Registration()[pri:0, instance:testCases.TC001_AccountRegistrationTest@19c65cdc]" name="verify_Account_Registration" class="testCases.TC001_AccountRegistrationTest"/>
        <method signature="TC_002LoginTest.loginTest()[pri:0, instance:testCases.TC_002LoginTest@1fb669c3]" name="loginTest" class="testCases.TC_002LoginTest"/>
      </group> <!-- Master -->
      <group name="Sanity">
        <method signature="TC001_AccountRegistrationTest.verify_Account_Registration()[pri:0, instance:testCases.TC001_AccountRegistrationTest@19c65cdc]" name="verify_Account_Registration" class="testCases.TC001_AccountRegistrationTest"/>
        <method signature="TC_002LoginTest.loginTest()[pri:0, instance:testCases.TC_002LoginTest@1fb669c3]" name="loginTest" class="testCases.TC_002LoginTest"/>
      </group> <!-- Sanity -->
      <group name="Regression">
        <method signature="TC001_AccountRegistrationTest.verify_Account_Registration()[pri:0, instance:testCases.TC001_AccountRegistrationTest@19c65cdc]" name="verify_Account_Registration" class="testCases.TC001_AccountRegistrationTest"/>
      </group> <!-- Regression -->
    </groups>
    <test started-at="2025-10-14T22:33:55 IST" name="Test" finished-at="2025-10-14T22:34:10 IST" duration-ms="15124">
      <class name="testCases.TC001_AccountRegistrationTest">
        <test-method is-config="true" signature="set(java.lang.String,java.lang.String)[pri:0, instance:testCases.TC001_AccountRegistrationTest@19c65cdc]" started-at="2025-10-14T22:33:56 IST" name="set" finished-at="2025-10-14T22:34:01 IST" duration-ms="5149" status="PASS">
          <params>
            <param index="0">
              <value>
                <![CDATA[Windows]]>
              </value>
            </param>
            <param index="1">
              <value>
                <![CDATA[chrome]]>
              </value>
            </param>
          </params>
          <reporter-output>
          </reporter-output>
        </test-method> <!-- set -->
        <test-method signature="verify_Account_Registration()[pri:0, instance:testCases.TC001_AccountRegistrationTest@19c65cdc]" started-at="2025-10-14T22:34:01 IST" name="verify_Account_Registration" finished-at="2025-10-14T22:34:04 IST" duration-ms="3342" status="PASS">
          <reporter-output>
          </reporter-output>
        </test-method> <!-- verify_Account_Registration -->
        <test-method is-config="true" signature="tearDown()[pri:0, instance:testCases.TC001_AccountRegistrationTest@19c65cdc]" started-at="2025-10-14T22:34:04 IST" name="tearDown" finished-at="2025-10-14T22:34:05 IST" duration-ms="568" status="PASS">
          <reporter-output>
          </reporter-output>
        </test-method> <!-- tearDown -->
      </class> <!-- testCases.TC001_AccountRegistrationTest -->
      <class name="testCases.TC_002LoginTest">
        <test-method is-config="true" signature="set(java.lang.String,java.lang.String)[pri:0, instance:testCases.TC_002LoginTest@1fb669c3]" started-at="2025-10-14T22:34:05 IST" name="set" finished-at="2025-10-14T22:34:09 IST" duration-ms="3824" status="PASS">
          <params>
            <param index="0">
              <value>
                <![CDATA[Windows]]>
              </value>
            </param>
            <param index="1">
              <value>
                <![CDATA[chrome]]>
              </value>
            </param>
          </params>
          <reporter-output>
          </reporter-output>
        </test-method> <!-- set -->
        <test-method signature="loginTest()[pri:0, instance:testCases.TC_002LoginTest@1fb669c3]" started-at="2025-10-14T22:34:09 IST" name="loginTest" finished-at="2025-10-14T22:34:10 IST" duration-ms="1737" status="PASS">
          <reporter-output>
          </reporter-output>
        </test-method> <!-- loginTest -->
        <test-method is-config="true" signature="tearDown()[pri:0, instance:testCases.TC_002LoginTest@1fb669c3]" started-at="2025-10-14T22:34:10 IST" name="tearDown" finished-at="2025-10-14T22:34:10 IST" duration-ms="73" status="PASS">
          <reporter-output>
          </reporter-output>
        </test-method> <!-- tearDown -->
      </class> <!-- testCases.TC_002LoginTest -->
    </test> <!-- Test -->
  </suite> <!-- Master Suite -->
</testng-results>
